[90m2026-03-12T23:28:10.905+08:00[39m [35m[canvas][39m [36mhost mounted at http://127.0.0.1:18789/__openclaw__/canvas/ (root /Users/moonviz/.openclaw/canvas)[39m
[90m2026-03-12T23:28:10.935+08:00[39m [36m[heartbeat][39m [36mstarted[39m
[90m2026-03-12T23:28:10.938+08:00[39m [32m[health-monitor][39m [36mstarted (interval: 300s, startup-grace: 60s, channel-connect-grace: 120s)[39m
[90m2026-03-12T23:28:10.939+08:00[39m [36m[gateway][39m [36magent model: kimi-coding/k2p5[39m
[90m2026-03-12T23:28:10.940+08:00[39m [36m[gateway][39m [36mlistening on ws://127.0.0.1:18789, ws://[::1]:18789 (PID 48419)[39m
[90m2026-03-12T23:28:10.941+08:00[39m [36m[gateway][39m [36mlog file: /tmp/openclaw/openclaw-2026-03-12.log[39m
[90m2026-03-12T23:28:10.970+08:00[39m [36m[browser/server][39m [33mChrome extension relay init failed for profile "chrome": Error: extension relay requires gateway auth token (set gateway.auth.token or OPENCLAW_GATEWAY_TOKEN)[39m
[90m2026-03-12T23:28:10.971+08:00[39m [36m[browser/server][39m [36mBrowser control listening on http://127.0.0.1:18791/ (auth=password)[39m
[90m2026-03-12T23:28:10.972+08:00[39m [35m[slack][39m [36m[default] starting provider[39m
[90m2026-03-12T23:28:11.364+08:00[39m [35m[slack][39m [36mhttp mode listening at /slack/events[39m
[90m2026-03-12T23:28:12.991+08:00[39m [31m[bonjour][39m [33mgateway name conflict resolved; newName="MoonViz的MacBook Air (OpenClaw) (2)"[39m
[90m2026-03-12T23:28:12.992+08:00[39m [31m[bonjour][39m [33mgateway hostname conflict resolved; newHostname="openclaw-(2)"[39m
[90m2026-03-13T10:43:55.874+08:00[39m [31m[bonjour][39m [33mgateway name conflict resolved; newName="MoonViz的MacBook Air (OpenClaw) (8)"[39m
[90m2026-03-13T10:43:55.879+08:00[39m [31m[bonjour][39m [33mgateway hostname conflict resolved; newHostname="openclaw-(8)"[39m
[90m2026-03-13T12:46:11.752+08:00[39m [34m[reload][39m [36mconfig change detected; evaluating reload (agents.defaults.contextPruning, agents.defaults.heartbeat, agents.defaults.compaction, gateway.bind, gateway.tls.enabled)[39m
[90m2026-03-13T12:46:11.757+08:00[39m [34m[reload][39m [33mconfig change requires gateway restart (gateway.bind, gateway.tls.enabled)[39m
[90m2026-03-13T12:46:11.760+08:00[39m [36m[gateway][39m [36msignal SIGUSR1 received[39m
[90m2026-03-13T12:46:11.762+08:00[39m [36m[gateway][39m [36mreceived SIGUSR1; restarting[39m
[90m2026-03-13T12:46:11.769+08:00[39m [34m[gmail-watcher][39m [36mgmail watcher stopped[39m
[90m2026-03-13T12:46:11.772+08:00[39m [36m[gateway][39m [36mrestart mode: full process restart (spawned pid 25958)[39m
[90m2026-03-13T12:46:14.143+08:00[39m [35m[canvas][39m [36mhost mounted at http://100.91.172.69:18789/__openclaw__/canvas/ (root /Users/moonviz/.openclaw/canvas)[39m
[90m2026-03-13T12:46:14.144+08:00[39m [36m[gateway][39m [33m⚠️  Gateway is binding to a non-loopback address. Ensure authentication is configured before exposing to public networks.[39m
[90m2026-03-13T12:46:14.704+08:00[39m [36m[heartbeat][39m [36mstarted[39m
[90m2026-03-13T12:46:14.707+08:00[39m [32m[health-monitor][39m [36mstarted (interval: 300s, startup-grace: 60s, channel-connect-grace: 120s)[39m
[90m2026-03-13T12:46:14.709+08:00[39m [36m[gateway][39m [36magent model: kimi-coding/k2p5[39m
[90m2026-03-13T12:46:14.710+08:00[39m [36m[gateway][39m [36mlistening on wss://100.91.172.69:18789 (PID 25958)[39m
[90m2026-03-13T12:46:14.711+08:00[39m [36m[gateway][39m [36mlog file: /tmp/openclaw/openclaw-2026-03-13.log[39m
[90m2026-03-13T12:46:14.730+08:00[39m [36m[browser/server][39m [33mChrome extension relay init failed for profile "chrome": Error: extension relay requires gateway auth token (set gateway.auth.token or OPENCLAW_GATEWAY_TOKEN)[39m
[90m2026-03-13T12:46:14.731+08:00[39m [36m[browser/server][39m [36mBrowser control listening on http://127.0.0.1:18791/ (auth=password)[39m
[90m2026-03-13T12:46:14.733+08:00[39m [35m[slack][39m [36m[default] starting provider[39m
[90m2026-03-13T12:46:15.145+08:00[39m [35m[slack][39m [36mhttp mode listening at /slack/events[39m
[90m2026-03-13T12:46:15.618+08:00[39m [36m[gateway][39m [36mupdate available (latest): v2026.3.12 (current v2026.3.8). Run: openclaw update[39m
[90m2026-03-13T12:46:23.376+08:00[39m [31m[bonjour][39m [33mgateway name conflict resolved; newName="MoonViz的MacBook Air (OpenClaw) (8)"[39m
[90m2026-03-13T12:46:23.383+08:00[39m [31m[bonjour][39m [33mgateway hostname conflict resolved; newHostname="openclaw-(8)"[39m
